{"/home/travis/build/npmtest/node-npmtest-app.js/test.js":{"path":"/home/travis/build/npmtest/node-npmtest-app.js/test.js","s":{"1":2,"2":2,"3":2,"4":2,"5":2,"6":2,"7":2,"8":1,"9":2,"10":2,"11":1,"12":1,"13":1,"14":1,"15":2,"16":2,"17":2,"18":2,"19":1,"20":1,"21":2,"22":2,"23":2,"24":1,"25":1,"26":1,"27":1,"28":1,"29":1,"30":1,"31":1,"32":1,"33":1,"34":1,"35":1,"36":1,"37":1,"38":1,"39":2,"40":2,"41":1,"42":2,"43":2,"44":1,"45":2,"46":2,"47":1,"48":2,"49":2,"50":1,"51":1,"52":1,"53":1,"54":1},"b":{"1":[2,1,1,1],"2":[1,1,1,1],"3":[1,1],"4":[1,1],"5":[1,1],"6":[1,1],"7":[1,1],"8":[1,1],"9":[1,1],"10":[1,1,1],"11":[1,1],"12":[1,1],"13":[1,1],"14":[1,1],"15":[1,1],"16":[1,1],"17":[1,1]},"f":{"1":2,"2":2,"3":2,"4":2,"5":2,"6":1,"7":1,"8":1,"9":2,"10":2,"11":2,"12":2,"13":1},"fnMap":{"1":{"name":"(anonymous_1)","line":12,"loc":{"start":{"line":12,"column":1},"end":{"line":12,"column":13}}},"2":{"name":"(anonymous_2)","line":19,"loc":{"start":{"line":19,"column":5},"end":{"line":19,"column":17}}},"3":{"name":"(anonymous_3)","line":23,"loc":{"start":{"line":23,"column":24},"end":{"line":23,"column":36}}},"4":{"name":"(anonymous_4)","line":61,"loc":{"start":{"line":61,"column":5},"end":{"line":61,"column":17}}},"5":{"name":"(anonymous_5)","line":82,"loc":{"start":{"line":82,"column":5},"end":{"line":82,"column":17}}},"6":{"name":"(anonymous_6)","line":91,"loc":{"start":{"line":91,"column":77},"end":{"line":94,"column":10}}},"7":{"name":"(anonymous_7)","line":112,"loc":{"start":{"line":112,"column":83},"end":{"line":115,"column":10}},"skip":true},"8":{"name":"(anonymous_8)","line":123,"loc":{"start":{"line":123,"column":77},"end":{"line":126,"column":10}},"skip":true},"9":{"name":"(anonymous_9)","line":139,"loc":{"start":{"line":139,"column":12},"end":{"line":139,"column":40}},"skip":true},"10":{"name":"(anonymous_10)","line":147,"loc":{"start":{"line":147,"column":77},"end":{"line":150,"column":10}},"skip":true},"11":{"name":"(anonymous_11)","line":158,"loc":{"start":{"line":158,"column":83},"end":{"line":161,"column":10}},"skip":true},"12":{"name":"(anonymous_12)","line":169,"loc":{"start":{"line":169,"column":79},"end":{"line":172,"column":10}},"skip":true},"13":{"name":"(anonymous_13)","line":180,"loc":{"start":{"line":180,"column":75},"end":{"line":183,"column":10}},"skip":true}},"statementMap":{"1":{"start":{"line":12,"column":0},"end":{"line":195,"column":5}},"2":{"start":{"line":14,"column":4},"end":{"line":14,"column":14}},"3":{"start":{"line":19,"column":4},"end":{"line":56,"column":9}},"4":{"start":{"line":21,"column":8},"end":{"line":21,"column":19}},"5":{"start":{"line":23,"column":8},"end":{"line":35,"column":13}},"6":{"start":{"line":24,"column":12},"end":{"line":34,"column":13}},"7":{"start":{"line":25,"column":16},"end":{"line":28,"column":30}},"8":{"start":{"line":30,"column":16},"end":{"line":33,"column":27}},"9":{"start":{"line":37,"column":8},"end":{"line":39,"column":21}},"10":{"start":{"line":40,"column":8},"end":{"line":53,"column":9}},"11":{"start":{"line":43,"column":12},"end":{"line":46,"column":14}},"12":{"start":{"line":47,"column":12},"end":{"line":47,"column":18}},"13":{"start":{"line":50,"column":12},"end":{"line":51,"column":33}},"14":{"start":{"line":52,"column":12},"end":{"line":52,"column":18}},"15":{"start":{"line":55,"column":8},"end":{"line":55,"column":35}},"16":{"start":{"line":61,"column":4},"end":{"line":63,"column":9}},"17":{"start":{"line":62,"column":8},"end":{"line":62,"column":15}},"18":{"start":{"line":64,"column":4},"end":{"line":77,"column":5}},"19":{"start":{"line":70,"column":8},"end":{"line":70,"column":14}},"20":{"start":{"line":76,"column":8},"end":{"line":76,"column":14}},"21":{"start":{"line":82,"column":4},"end":{"line":84,"column":9}},"22":{"start":{"line":83,"column":8},"end":{"line":83,"column":15}},"23":{"start":{"line":85,"column":4},"end":{"line":194,"column":5}},"24":{"start":{"line":91,"column":8},"end":{"line":99,"column":10}},"25":{"start":{"line":98,"column":12},"end":{"line":98,"column":35}},"26":{"start":{"line":102,"column":8},"end":{"line":104,"column":63}},"27":{"start":{"line":105,"column":8},"end":{"line":105,"column":14}},"28":{"start":{"line":112,"column":8},"end":{"line":121,"column":10},"skip":true},"29":{"start":{"line":119,"column":12},"end":{"line":119,"column":55},"skip":true},"30":{"start":{"line":120,"column":12},"end":{"line":120,"column":48},"skip":true},"31":{"start":{"line":123,"column":8},"end":{"line":136,"column":10},"skip":true},"32":{"start":{"line":130,"column":12},"end":{"line":130,"column":76},"skip":true},"33":{"start":{"line":131,"column":12},"end":{"line":131,"column":73},"skip":true},"34":{"start":{"line":132,"column":12},"end":{"line":132,"column":74},"skip":true},"35":{"start":{"line":133,"column":12},"end":{"line":133,"column":79},"skip":true},"36":{"start":{"line":134,"column":12},"end":{"line":134,"column":25},"skip":true},"37":{"start":{"line":135,"column":12},"end":{"line":135,"column":45},"skip":true},"38":{"start":{"line":138,"column":8},"end":{"line":145,"column":14},"skip":true},"39":{"start":{"line":143,"column":16},"end":{"line":143,"column":29},"skip":true},"40":{"start":{"line":144,"column":16},"end":{"line":144,"column":55},"skip":true},"41":{"start":{"line":147,"column":8},"end":{"line":156,"column":10},"skip":true},"42":{"start":{"line":154,"column":12},"end":{"line":154,"column":25},"skip":true},"43":{"start":{"line":155,"column":12},"end":{"line":155,"column":45},"skip":true},"44":{"start":{"line":158,"column":8},"end":{"line":167,"column":10},"skip":true},"45":{"start":{"line":165,"column":12},"end":{"line":165,"column":25},"skip":true},"46":{"start":{"line":166,"column":12},"end":{"line":166,"column":48},"skip":true},"47":{"start":{"line":169,"column":8},"end":{"line":178,"column":10},"skip":true},"48":{"start":{"line":176,"column":12},"end":{"line":176,"column":25},"skip":true},"49":{"start":{"line":177,"column":12},"end":{"line":177,"column":46},"skip":true},"50":{"start":{"line":180,"column":8},"end":{"line":189,"column":10},"skip":true},"51":{"start":{"line":187,"column":12},"end":{"line":187,"column":94},"skip":true},"52":{"start":{"line":188,"column":12},"end":{"line":188,"column":48},"skip":true},"53":{"start":{"line":192,"column":8},"end":{"line":192,"column":35},"skip":true},"54":{"start":{"line":193,"column":8},"end":{"line":193,"column":14},"skip":true}},"branchMap":{"1":{"line":25,"type":"binary-expr","locations":[{"start":{"line":25,"column":23},"end":{"line":25,"column":62}},{"start":{"line":26,"column":20},"end":{"line":26,"column":70}},{"start":{"line":27,"column":20},"end":{"line":27,"column":71}},{"start":{"line":28,"column":20},"end":{"line":28,"column":29}}]},"2":{"line":30,"type":"binary-expr","locations":[{"start":{"line":30,"column":23},"end":{"line":30,"column":37}},{"start":{"line":31,"column":20},"end":{"line":31,"column":61}},{"start":{"line":32,"column":20},"end":{"line":32,"column":70}},{"start":{"line":33,"column":20},"end":{"line":33,"column":26}}]},"3":{"line":37,"type":"cond-expr","locations":[{"start":{"line":38,"column":14},"end":{"line":38,"column":20}},{"start":{"line":39,"column":14},"end":{"line":39,"column":20}}]},"4":{"line":40,"type":"switch","locations":[{"start":{"line":42,"column":8},"end":{"line":47,"column":18}},{"start":{"line":49,"column":8},"end":{"line":52,"column":18}}]},"5":{"line":44,"type":"binary-expr","locations":[{"start":{"line":44,"column":16},"end":{"line":44,"column":44}},{"start":{"line":44,"column":48},"end":{"line":44,"column":66}}]},"6":{"line":50,"type":"binary-expr","locations":[{"start":{"line":50,"column":21},"end":{"line":50,"column":49}},{"start":{"line":50,"column":53},"end":{"line":50,"column":72}}]},"7":{"line":64,"type":"switch","locations":[{"start":{"line":69,"column":4},"end":{"line":70,"column":14}},{"start":{"line":75,"column":4},"end":{"line":76,"column":14}}]},"8":{"line":85,"type":"switch","locations":[{"start":{"line":90,"column":4},"end":{"line":105,"column":14}},{"start":{"line":111,"column":4},"end":{"line":193,"column":14},"skip":true}]},"9":{"line":91,"type":"binary-expr","locations":[{"start":{"line":91,"column":42},"end":{"line":91,"column":73}},{"start":{"line":91,"column":77},"end":{"line":99,"column":9}}]},"10":{"line":102,"type":"binary-expr","locations":[{"start":{"line":102,"column":18},"end":{"line":102,"column":32}},{"start":{"line":103,"column":12},"end":{"line":103,"column":53}},{"start":{"line":104,"column":12},"end":{"line":104,"column":61}}]},"11":{"line":112,"type":"binary-expr","locations":[{"start":{"line":112,"column":45},"end":{"line":112,"column":79},"skip":true},{"start":{"line":112,"column":83},"end":{"line":121,"column":9},"skip":true}]},"12":{"line":123,"type":"binary-expr","locations":[{"start":{"line":123,"column":42},"end":{"line":123,"column":73},"skip":true},{"start":{"line":123,"column":77},"end":{"line":136,"column":9},"skip":true}]},"13":{"line":138,"type":"binary-expr","locations":[{"start":{"line":138,"column":48},"end":{"line":138,"column":85},"skip":true},{"start":{"line":139,"column":12},"end":{"line":145,"column":13},"skip":true}]},"14":{"line":147,"type":"binary-expr","locations":[{"start":{"line":147,"column":42},"end":{"line":147,"column":73},"skip":true},{"start":{"line":147,"column":77},"end":{"line":156,"column":9},"skip":true}]},"15":{"line":158,"type":"binary-expr","locations":[{"start":{"line":158,"column":45},"end":{"line":158,"column":79},"skip":true},{"start":{"line":158,"column":83},"end":{"line":167,"column":9},"skip":true}]},"16":{"line":169,"type":"binary-expr","locations":[{"start":{"line":169,"column":43},"end":{"line":169,"column":75},"skip":true},{"start":{"line":169,"column":79},"end":{"line":178,"column":9},"skip":true}]},"17":{"line":180,"type":"binary-expr","locations":[{"start":{"line":180,"column":41},"end":{"line":180,"column":71},"skip":true},{"start":{"line":180,"column":75},"end":{"line":189,"column":9},"skip":true}]}},"code":["/* istanbul instrument in package npmtest_app_js */","/*jslint","    bitwise: true,","    browser: true,","    maxerr: 8,","    maxlen: 96,","    node: true,","    nomen: true,","    regexp: true,","    stupid: true","*/","(function () {","    'use strict';","    var local;","","","","    // run shared js-env code - pre-init","    (function () {","        // init local","        local = {};","        // init modeJs","        local.modeJs = (function () {","            try {","                return typeof navigator.userAgent === 'string' &&","                    typeof document.querySelector('body') === 'object' &&","                    typeof XMLHttpRequest.prototype.open === 'function' &&","                    'browser';","            } catch (errorCaughtBrowser) {","                return module.exports &&","                    typeof process.versions.node === 'string' &&","                    typeof require('http').createServer === 'function' &&","                    'node';","            }","        }());","        // init global","        local.global = local.modeJs === 'browser'","            ? window","            : global;","        switch (local.modeJs) {","        // re-init local from window.local","        case 'browser':","            local = local.global.utility2.objectSetDefault(","                local.global.utility2_rollup || local.global.local,","                local.global.utility2","            );","            break;","        // re-init local from example.js","        case 'node':","            local = (local.global.utility2_rollup || require('utility2'))","                .requireReadme();","            break;","        }","        // export local","        local.global.local = local;","    }());","","","","    // run shared js-env code - function","    (function () {","        return;","    }());","    switch (local.modeJs) {","","","","    // run browser js-env code - function","    case 'browser':","        break;","","","","    // run node js-env code - function","    case 'node':","        break;","    }","","","","    // run shared js-env code - post-init","    (function () {","        return;","    }());","    switch (local.modeJs) {","","","","    // run browser js-env code - post-init","    case 'browser':","        local.testCase_browser_nullCase = local.testCase_browser_nullCase || function (","            options,","            onError","        ) {","        /*","         * this function will test browsers's null-case handling-behavior-behavior","         */","            onError(null, options);","        };","","        // run tests","        local.nop(local.modeTest &&","            document.querySelector('#testRunButton1') &&","            document.querySelector('#testRunButton1').click());","        break;","","","","    // run node js-env code - post-init","    /* istanbul ignore next */","    case 'node':","        local.testCase_buildApidoc_default = local.testCase_buildApidoc_default || function (","            options,","            onError","        ) {","        /*","         * this function will test buildApidoc's default handling-behavior-behavior","         */","            options = { modulePathList: module.paths };","            local.buildApidoc(options, onError);","        };","","        local.testCase_buildApp_default = local.testCase_buildApp_default || function (","            options,","            onError","        ) {","        /*","         * this function will test buildApp's default handling-behavior-behavior","         */","            local.testCase_buildReadme_default(options, local.onErrorThrow);","            local.testCase_buildLib_default(options, local.onErrorThrow);","            local.testCase_buildTest_default(options, local.onErrorThrow);","            local.testCase_buildCustomOrg_default(options, local.onErrorThrow);","            options = [];","            local.buildApp(options, onError);","        };","","        local.testCase_buildCustomOrg_default = local.testCase_buildCustomOrg_default ||","            function (options, onError) {","            /*","             * this function will test buildCustomOrg's default handling-behavior","             */","                options = {};","                local.buildCustomOrg(options, onError);","            };","","        local.testCase_buildLib_default = local.testCase_buildLib_default || function (","            options,","            onError","        ) {","        /*","         * this function will test buildLib's default handling-behavior","         */","            options = {};","            local.buildLib(options, onError);","        };","","        local.testCase_buildReadme_default = local.testCase_buildReadme_default || function (","            options,","            onError","        ) {","        /*","         * this function will test buildReadme's default handling-behavior-behavior","         */","            options = {};","            local.buildReadme(options, onError);","        };","","        local.testCase_buildTest_default = local.testCase_buildTest_default || function (","            options,","            onError","        ) {","        /*","         * this function will test buildTest's default handling-behavior","         */","            options = {};","            local.buildTest(options, onError);","        };","","        local.testCase_webpage_default = local.testCase_webpage_default || function (","            options,","            onError","        ) {","        /*","         * this function will test webpage's default handling-behavior","         */","            options = { modeCoverageMerge: true, url: local.serverLocalHost + '?modeTest=1' };","            local.browserTest(options, onError);","        };","","        // run test-server","        local.testRunServer(local);","        break;","    }","}());",""],"l":{"12":2,"14":2,"19":2,"21":2,"23":2,"24":2,"25":2,"30":1,"37":2,"40":2,"43":1,"47":1,"50":1,"52":1,"55":2,"61":2,"62":2,"64":2,"70":1,"76":1,"82":2,"83":2,"85":2,"91":1,"98":1,"102":1,"105":1,"112":1,"119":1,"120":1,"123":1,"130":1,"131":1,"132":1,"133":1,"134":1,"135":1,"138":1,"143":2,"144":2,"147":1,"154":2,"155":2,"158":1,"165":2,"166":2,"169":1,"176":2,"177":2,"180":1,"187":1,"188":1,"192":1,"193":1}},"/home/travis/build/npmtest/node-npmtest-app.js/lib.npmtest_app.js.js":{"path":"/home/travis/build/npmtest/node-npmtest-app.js/lib.npmtest_app.js.js","s":{"1":2,"2":2,"3":2,"4":2,"5":2,"6":2,"7":2,"8":1,"9":2,"10":2,"11":2,"12":2,"13":1,"14":1,"15":1,"16":1},"b":{"1":[2,1,1,1],"2":[1,1,1,1],"3":[1,1],"4":[2,2],"5":[1,1]},"f":{"1":2,"2":2,"3":2},"fnMap":{"1":{"name":"(anonymous_1)","line":12,"loc":{"start":{"line":12,"column":1},"end":{"line":12,"column":13}}},"2":{"name":"(anonymous_2)","line":19,"loc":{"start":{"line":19,"column":5},"end":{"line":19,"column":17}}},"3":{"name":"(anonymous_3)","line":23,"loc":{"start":{"line":23,"column":24},"end":{"line":23,"column":36}}}},"statementMap":{"1":{"start":{"line":12,"column":0},"end":{"line":53,"column":5}},"2":{"start":{"line":14,"column":4},"end":{"line":14,"column":14}},"3":{"start":{"line":19,"column":4},"end":{"line":52,"column":9}},"4":{"start":{"line":21,"column":8},"end":{"line":21,"column":19}},"5":{"start":{"line":23,"column":8},"end":{"line":35,"column":13}},"6":{"start":{"line":24,"column":12},"end":{"line":34,"column":13}},"7":{"start":{"line":25,"column":16},"end":{"line":28,"column":30}},"8":{"start":{"line":30,"column":16},"end":{"line":33,"column":27}},"9":{"start":{"line":37,"column":8},"end":{"line":39,"column":21}},"10":{"start":{"line":41,"column":8},"end":{"line":41,"column":54}},"11":{"start":{"line":43,"column":8},"end":{"line":43,"column":51}},"12":{"start":{"line":45,"column":8},"end":{"line":51,"column":9}},"13":{"start":{"line":46,"column":12},"end":{"line":46,"column":57}},"14":{"start":{"line":48,"column":12},"end":{"line":48,"column":35}},"15":{"start":{"line":49,"column":12},"end":{"line":49,"column":49}},"16":{"start":{"line":50,"column":12},"end":{"line":50,"column":43}}},"branchMap":{"1":{"line":25,"type":"binary-expr","locations":[{"start":{"line":25,"column":23},"end":{"line":25,"column":62}},{"start":{"line":26,"column":20},"end":{"line":26,"column":70}},{"start":{"line":27,"column":20},"end":{"line":27,"column":71}},{"start":{"line":28,"column":20},"end":{"line":28,"column":29}}]},"2":{"line":30,"type":"binary-expr","locations":[{"start":{"line":30,"column":23},"end":{"line":30,"column":37}},{"start":{"line":31,"column":20},"end":{"line":31,"column":61}},{"start":{"line":32,"column":20},"end":{"line":32,"column":70}},{"start":{"line":33,"column":20},"end":{"line":33,"column":26}}]},"3":{"line":37,"type":"cond-expr","locations":[{"start":{"line":38,"column":14},"end":{"line":38,"column":20}},{"start":{"line":39,"column":14},"end":{"line":39,"column":20}}]},"4":{"line":41,"type":"binary-expr","locations":[{"start":{"line":41,"column":16},"end":{"line":41,"column":44}},{"start":{"line":41,"column":48},"end":{"line":41,"column":53}}]},"5":{"line":45,"type":"if","locations":[{"start":{"line":45,"column":8},"end":{"line":45,"column":8}},{"start":{"line":45,"column":8},"end":{"line":45,"column":8}}]}},"code":["/* istanbul instrument in package npmtest_app_js */","/*jslint","    bitwise: true,","    browser: true,","    maxerr: 8,","    maxlen: 96,","    node: true,","    nomen: true,","    regexp: true,","    stupid: true","*/","(function () {","    'use strict';","    var local;","","","","    // run shared js-env code - pre-init","    (function () {","        // init local","        local = {};","        // init modeJs","        local.modeJs = (function () {","            try {","                return typeof navigator.userAgent === 'string' &&","                    typeof document.querySelector('body') === 'object' &&","                    typeof XMLHttpRequest.prototype.open === 'function' &&","                    'browser';","            } catch (errorCaughtBrowser) {","                return module.exports &&","                    typeof process.versions.node === 'string' &&","                    typeof require('http').createServer === 'function' &&","                    'node';","            }","        }());","        // init global","        local.global = local.modeJs === 'browser'","            ? window","            : global;","        // init utility2_rollup","        local = local.global.utility2_rollup || local;","        // init lib","        local.local = local.npmtest_app_js = local;","        // init exports","        if (local.modeJs === 'browser') {","            local.global.utility2_npmtest_app_js = local;","        } else {","            module.exports = local;","            module.exports.__dirname = __dirname;","            module.exports.module = module;","        }","    }());","}());",""],"l":{"12":2,"14":2,"19":2,"21":2,"23":2,"24":2,"25":2,"30":1,"37":2,"41":2,"43":2,"45":2,"46":1,"48":1,"49":1,"50":1}},"/home/travis/build/npmtest/node-npmtest-app.js/example.js":{"path":"/home/travis/build/npmtest/node-npmtest-app.js/example.js","s":{"1":2,"2":2,"3":2,"4":2,"5":2,"6":2,"7":2,"8":1,"9":2,"10":2,"11":2,"12":2,"13":1,"14":2,"15":2,"16":2,"17":2,"18":2,"19":0,"20":2,"21":1,"22":1,"23":1,"24":1,"25":1,"26":0,"27":0,"28":1,"29":1,"30":2,"31":0,"32":0,"33":0,"34":1,"35":2,"36":2,"37":3,"38":3,"39":3,"40":3,"41":0,"42":3,"43":3,"44":3,"45":1,"46":3,"47":1,"48":1,"49":1,"50":1,"51":1,"52":1,"53":1,"54":1,"55":1,"56":1,"57":0,"58":1,"59":6,"60":6,"61":1,"62":2,"63":0,"64":2,"65":1,"66":1,"67":0,"68":0,"69":0,"70":0,"71":0,"72":0,"73":0,"74":0,"75":0,"76":0,"77":0,"78":0,"79":0,"80":0,"81":0,"82":0,"83":0},"b":{"1":[2,1,1,1],"2":[1,1,1,1],"3":[1,1],"4":[2,2],"5":[1,1],"6":[1,1],"7":[2,0],"8":[2,1,1,1,1,1],"9":[0,2,0],"10":[1,1],"11":[2,1,1],"12":[1,0],"13":[0,2],"14":[2,0,0,0,0,0,0],"15":[0,3],"16":[3,0],"17":[1,1],"18":[0,1],"19":[1,2,0,2],"20":[1,0],"21":[1,1],"22":[0,0],"23":[0,0],"24":[0,0],"25":[0,0],"26":[0,0],"27":[0,0],"28":[0,0]},"f":{"1":2,"2":2,"3":2,"4":2,"5":2,"6":2,"7":3,"8":3,"9":3,"10":1,"11":6,"12":0},"fnMap":{"1":{"name":"(anonymous_1)","line":26,"loc":{"start":{"line":26,"column":1},"end":{"line":26,"column":13}}},"2":{"name":"(anonymous_2)","line":33,"loc":{"start":{"line":33,"column":5},"end":{"line":33,"column":17}}},"3":{"name":"(anonymous_3)","line":37,"loc":{"start":{"line":37,"column":24},"end":{"line":37,"column":36}}},"4":{"name":"(anonymous_4)","line":69,"loc":{"start":{"line":69,"column":31},"end":{"line":69,"column":48}},"skip":true},"5":{"name":"(anonymous_5)","line":78,"loc":{"start":{"line":78,"column":26},"end":{"line":78,"column":45}},"skip":true},"6":{"name":"(anonymous_6)","line":123,"loc":{"start":{"line":123,"column":33},"end":{"line":123,"column":48}},"skip":true},"7":{"name":"(anonymous_7)","line":125,"loc":{"start":{"line":125,"column":27},"end":{"line":125,"column":39}},"skip":true},"8":{"name":"(anonymous_8)","line":133,"loc":{"start":{"line":133,"column":59},"end":{"line":133,"column":74}},"skip":true},"9":{"name":"(anonymous_9)","line":143,"loc":{"start":{"line":143,"column":45},"end":{"line":143,"column":62}},"skip":true},"10":{"name":"(anonymous_10)","line":144,"loc":{"start":{"line":144,"column":73},"end":{"line":144,"column":92}},"skip":true},"11":{"name":"(anonymous_11)","line":272,"loc":{"start":{"line":272,"column":51},"end":{"line":272,"column":77}},"skip":true},"12":{"name":"(anonymous_12)","line":315,"loc":{"start":{"line":315,"column":32},"end":{"line":315,"column":61}},"skip":true}},"statementMap":{"1":{"start":{"line":26,"column":0},"end":{"line":326,"column":5}},"2":{"start":{"line":28,"column":4},"end":{"line":28,"column":14}},"3":{"start":{"line":33,"column":4},"end":{"line":60,"column":9}},"4":{"start":{"line":35,"column":8},"end":{"line":35,"column":19}},"5":{"start":{"line":37,"column":8},"end":{"line":49,"column":13}},"6":{"start":{"line":38,"column":12},"end":{"line":48,"column":13}},"7":{"start":{"line":39,"column":16},"end":{"line":42,"column":30}},"8":{"start":{"line":44,"column":16},"end":{"line":47,"column":27}},"9":{"start":{"line":51,"column":8},"end":{"line":53,"column":21}},"10":{"start":{"line":55,"column":8},"end":{"line":57,"column":45}},"11":{"start":{"line":59,"column":8},"end":{"line":59,"column":35}},"12":{"start":{"line":61,"column":4},"end":{"line":325,"column":5}},"13":{"start":{"line":69,"column":8},"end":{"line":121,"column":10},"skip":true},"14":{"start":{"line":70,"column":12},"end":{"line":88,"column":13},"skip":true},"15":{"start":{"line":76,"column":16},"end":{"line":87,"column":19},"skip":true},"16":{"start":{"line":79,"column":20},"end":{"line":86,"column":21},"skip":true},"17":{"start":{"line":82,"column":24},"end":{"line":82,"column":43},"skip":true},"18":{"start":{"line":83,"column":24},"end":{"line":83,"column":30},"skip":true},"19":{"start":{"line":85,"column":24},"end":{"line":85,"column":49},"skip":true},"20":{"start":{"line":89,"column":12},"end":{"line":107,"column":13},"skip":true},"21":{"start":{"line":92,"column":16},"end":{"line":102,"column":17},"skip":true},"22":{"start":{"line":93,"column":20},"end":{"line":93,"column":86},"skip":true},"23":{"start":{"line":94,"column":20},"end":{"line":95,"column":45},"skip":true},"24":{"start":{"line":96,"column":20},"end":{"line":96,"column":42},"skip":true},"25":{"start":{"line":97,"column":20},"end":{"line":97,"column":48},"skip":true},"26":{"start":{"line":100,"column":20},"end":{"line":100,"column":85},"skip":true},"27":{"start":{"line":101,"column":20},"end":{"line":101,"column":96},"skip":true},"28":{"start":{"line":103,"column":16},"end":{"line":103,"column":22},"skip":true},"29":{"start":{"line":106,"column":16},"end":{"line":106,"column":22},"skip":true},"30":{"start":{"line":108,"column":12},"end":{"line":120,"column":13},"skip":true},"31":{"start":{"line":114,"column":16},"end":{"line":119,"column":17},"skip":true},"32":{"start":{"line":116,"column":20},"end":{"line":116,"column":78},"skip":true},"33":{"start":{"line":118,"column":20},"end":{"line":118,"column":47},"skip":true},"34":{"start":{"line":123,"column":8},"end":{"line":141,"column":11},"skip":true},"35":{"start":{"line":124,"column":12},"end":{"line":124,"column":54},"skip":true},"36":{"start":{"line":125,"column":12},"end":{"line":140,"column":14},"skip":true},"37":{"start":{"line":126,"column":16},"end":{"line":126,"column":28},"skip":true},"38":{"start":{"line":127,"column":16},"end":{"line":127,"column":69},"skip":true},"39":{"start":{"line":128,"column":16},"end":{"line":128,"column":75},"skip":true},"40":{"start":{"line":129,"column":16},"end":{"line":131,"column":17},"skip":true},"41":{"start":{"line":130,"column":20},"end":{"line":130,"column":27},"skip":true},"42":{"start":{"line":133,"column":16},"end":{"line":137,"column":36},"skip":true},"43":{"start":{"line":134,"column":20},"end":{"line":136,"column":55},"skip":true},"44":{"start":{"line":139,"column":16},"end":{"line":139,"column":57},"skip":true},"45":{"start":{"line":143,"column":8},"end":{"line":147,"column":11},"skip":true},"46":{"start":{"line":144,"column":12},"end":{"line":146,"column":15},"skip":true},"47":{"start":{"line":145,"column":16},"end":{"line":145,"column":70},"skip":true},"48":{"start":{"line":149,"column":8},"end":{"line":149,"column":31},"skip":true},"49":{"start":{"line":150,"column":8},"end":{"line":150,"column":14},"skip":true},"50":{"start":{"line":158,"column":8},"end":{"line":158,"column":31},"skip":true},"51":{"start":{"line":160,"column":8},"end":{"line":160,"column":33},"skip":true},"52":{"start":{"line":161,"column":8},"end":{"line":161,"column":37},"skip":true},"53":{"start":{"line":162,"column":8},"end":{"line":162,"column":35},"skip":true},"54":{"start":{"line":164,"column":8},"end":{"line":164,"column":50},"skip":true},"55":{"start":{"line":166,"column":8},"end":{"line":256,"column":2},"skip":true},"56":{"start":{"line":258,"column":8},"end":{"line":286,"column":9},"skip":true},"57":{"start":{"line":259,"column":12},"end":{"line":269,"column":14},"skip":true},"58":{"start":{"line":271,"column":12},"end":{"line":285,"column":19},"skip":true},"59":{"start":{"line":274,"column":20},"end":{"line":274,"column":35},"skip":true},"60":{"start":{"line":275,"column":20},"end":{"line":284,"column":21},"skip":true},"61":{"start":{"line":277,"column":24},"end":{"line":277,"column":64},"skip":true},"62":{"start":{"line":279,"column":24},"end":{"line":279,"column":40},"skip":true},"63":{"start":{"line":281,"column":24},"end":{"line":281,"column":40},"skip":true},"64":{"start":{"line":283,"column":24},"end":{"line":283,"column":39},"skip":true},"65":{"start":{"line":288,"column":8},"end":{"line":290,"column":9},"skip":true},"66":{"start":{"line":289,"column":12},"end":{"line":289,"column":18},"skip":true},"67":{"start":{"line":291,"column":8},"end":{"line":293,"column":54},"skip":true},"68":{"start":{"line":296,"column":8},"end":{"line":301,"column":37},"skip":true},"69":{"start":{"line":303,"column":8},"end":{"line":303,"column":82},"skip":true},"70":{"start":{"line":306,"column":8},"end":{"line":308,"column":9},"skip":true},"71":{"start":{"line":307,"column":12},"end":{"line":307,"column":82},"skip":true},"72":{"start":{"line":310,"column":8},"end":{"line":312,"column":9},"skip":true},"73":{"start":{"line":311,"column":12},"end":{"line":311,"column":18},"skip":true},"74":{"start":{"line":313,"column":8},"end":{"line":313,"column":54},"skip":true},"75":{"start":{"line":314,"column":8},"end":{"line":314,"column":69},"skip":true},"76":{"start":{"line":315,"column":8},"end":{"line":323,"column":36},"skip":true},"77":{"start":{"line":316,"column":12},"end":{"line":316,"column":61},"skip":true},"78":{"start":{"line":317,"column":12},"end":{"line":320,"column":13},"skip":true},"79":{"start":{"line":318,"column":16},"end":{"line":318,"column":75},"skip":true},"80":{"start":{"line":319,"column":16},"end":{"line":319,"column":23},"skip":true},"81":{"start":{"line":321,"column":12},"end":{"line":321,"column":38},"skip":true},"82":{"start":{"line":322,"column":12},"end":{"line":322,"column":27},"skip":true},"83":{"start":{"line":324,"column":8},"end":{"line":324,"column":14},"skip":true}},"branchMap":{"1":{"line":39,"type":"binary-expr","locations":[{"start":{"line":39,"column":23},"end":{"line":39,"column":62}},{"start":{"line":40,"column":20},"end":{"line":40,"column":70}},{"start":{"line":41,"column":20},"end":{"line":41,"column":71}},{"start":{"line":42,"column":20},"end":{"line":42,"column":29}}]},"2":{"line":44,"type":"binary-expr","locations":[{"start":{"line":44,"column":23},"end":{"line":44,"column":37}},{"start":{"line":45,"column":20},"end":{"line":45,"column":61}},{"start":{"line":46,"column":20},"end":{"line":46,"column":70}},{"start":{"line":47,"column":20},"end":{"line":47,"column":26}}]},"3":{"line":51,"type":"cond-expr","locations":[{"start":{"line":52,"column":14},"end":{"line":52,"column":20}},{"start":{"line":53,"column":14},"end":{"line":53,"column":20}}]},"4":{"line":55,"type":"binary-expr","locations":[{"start":{"line":55,"column":16},"end":{"line":55,"column":44}},{"start":{"line":55,"column":49},"end":{"line":57,"column":43}}]},"5":{"line":55,"type":"cond-expr","locations":[{"start":{"line":56,"column":14},"end":{"line":56,"column":50}},{"start":{"line":57,"column":14},"end":{"line":57,"column":43}}]},"6":{"line":61,"type":"switch","locations":[{"start":{"line":68,"column":4},"end":{"line":150,"column":14},"skip":true},{"start":{"line":156,"column":4},"end":{"line":324,"column":14},"skip":true}]},"7":{"line":70,"type":"if","locations":[{"start":{"line":70,"column":12},"end":{"line":70,"column":12},"skip":true},{"start":{"line":70,"column":12},"end":{"line":70,"column":12},"skip":true}]},"8":{"line":70,"type":"binary-expr","locations":[{"start":{"line":70,"column":16},"end":{"line":70,"column":22},"skip":true},{"start":{"line":70,"column":27},"end":{"line":70,"column":32},"skip":true},{"start":{"line":71,"column":20},"end":{"line":71,"column":39},"skip":true},{"start":{"line":72,"column":20},"end":{"line":72,"column":49},"skip":true},{"start":{"line":73,"column":20},"end":{"line":73,"column":58},"skip":true},{"start":{"line":74,"column":20},"end":{"line":74,"column":69},"skip":true}]},"9":{"line":79,"type":"switch","locations":[{"start":{"line":80,"column":20},"end":{"line":80,"column":33},"skip":true},{"start":{"line":81,"column":20},"end":{"line":83,"column":30},"skip":true},{"start":{"line":84,"column":20},"end":{"line":85,"column":49},"skip":true}]},"10":{"line":89,"type":"switch","locations":[{"start":{"line":90,"column":12},"end":{"line":103,"column":22},"skip":true},{"start":{"line":105,"column":12},"end":{"line":106,"column":22},"skip":true}]},"11":{"line":89,"type":"binary-expr","locations":[{"start":{"line":89,"column":20},"end":{"line":89,"column":25},"skip":true},{"start":{"line":89,"column":29},"end":{"line":89,"column":48},"skip":true},{"start":{"line":89,"column":52},"end":{"line":89,"column":74},"skip":true}]},"12":{"line":92,"type":"if","locations":[{"start":{"line":92,"column":16},"end":{"line":92,"column":16},"skip":true},{"start":{"line":92,"column":16},"end":{"line":92,"column":16},"skip":true}]},"13":{"line":108,"type":"if","locations":[{"start":{"line":108,"column":12},"end":{"line":108,"column":12},"skip":true},{"start":{"line":108,"column":12},"end":{"line":108,"column":12},"skip":true}]},"14":{"line":108,"type":"binary-expr","locations":[{"start":{"line":108,"column":16},"end":{"line":108,"column":61},"skip":true},{"start":{"line":108,"column":66},"end":{"line":108,"column":72},"skip":true},{"start":{"line":108,"column":77},"end":{"line":108,"column":82},"skip":true},{"start":{"line":109,"column":20},"end":{"line":109,"column":39},"skip":true},{"start":{"line":110,"column":20},"end":{"line":110,"column":49},"skip":true},{"start":{"line":111,"column":20},"end":{"line":111,"column":58},"skip":true},{"start":{"line":112,"column":20},"end":{"line":112,"column":68},"skip":true}]},"15":{"line":129,"type":"if","locations":[{"start":{"line":129,"column":16},"end":{"line":129,"column":16},"skip":true},{"start":{"line":129,"column":16},"end":{"line":129,"column":16},"skip":true}]},"16":{"line":134,"type":"cond-expr","locations":[{"start":{"line":135,"column":26},"end":{"line":135,"column":29},"skip":true},{"start":{"line":136,"column":26},"end":{"line":136,"column":54},"skip":true}]},"17":{"line":164,"type":"binary-expr","locations":[{"start":{"line":164,"column":27},"end":{"line":164,"column":43},"skip":true},{"start":{"line":164,"column":47},"end":{"line":164,"column":49},"skip":true}]},"18":{"line":258,"type":"if","locations":[{"start":{"line":258,"column":8},"end":{"line":258,"column":8},"skip":true},{"start":{"line":258,"column":8},"end":{"line":258,"column":8},"skip":true}]},"19":{"line":275,"type":"switch","locations":[{"start":{"line":276,"column":20},"end":{"line":277,"column":64},"skip":true},{"start":{"line":278,"column":20},"end":{"line":279,"column":40},"skip":true},{"start":{"line":280,"column":20},"end":{"line":281,"column":40},"skip":true},{"start":{"line":282,"column":20},"end":{"line":283,"column":39},"skip":true}]},"20":{"line":288,"type":"if","locations":[{"start":{"line":288,"column":8},"end":{"line":288,"column":8},"skip":true},{"start":{"line":288,"column":8},"end":{"line":288,"column":8},"skip":true}]},"21":{"line":288,"type":"binary-expr","locations":[{"start":{"line":288,"column":12},"end":{"line":288,"column":40},"skip":true},{"start":{"line":288,"column":44},"end":{"line":288,"column":67},"skip":true}]},"22":{"line":292,"type":"binary-expr","locations":[{"start":{"line":292,"column":12},"end":{"line":292,"column":50},"skip":true},{"start":{"line":293,"column":12},"end":{"line":293,"column":53},"skip":true}]},"23":{"line":297,"type":"binary-expr","locations":[{"start":{"line":297,"column":12},"end":{"line":297,"column":64},"skip":true},{"start":{"line":298,"column":12},"end":{"line":301,"column":36},"skip":true}]},"24":{"line":303,"type":"binary-expr","locations":[{"start":{"line":303,"column":43},"end":{"line":303,"column":75},"skip":true},{"start":{"line":303,"column":79},"end":{"line":303,"column":81},"skip":true}]},"25":{"line":306,"type":"if","locations":[{"start":{"line":306,"column":8},"end":{"line":306,"column":8},"skip":true},{"start":{"line":306,"column":8},"end":{"line":306,"column":8},"skip":true}]},"26":{"line":310,"type":"if","locations":[{"start":{"line":310,"column":8},"end":{"line":310,"column":8},"skip":true},{"start":{"line":310,"column":8},"end":{"line":310,"column":8},"skip":true}]},"27":{"line":313,"type":"binary-expr","locations":[{"start":{"line":313,"column":27},"end":{"line":313,"column":43},"skip":true},{"start":{"line":313,"column":47},"end":{"line":313,"column":53},"skip":true}]},"28":{"line":317,"type":"if","locations":[{"start":{"line":317,"column":12},"end":{"line":317,"column":12},"skip":true},{"start":{"line":317,"column":12},"end":{"line":317,"column":12},"skip":true}]}},"code":["/*","example.js","","quickstart example","","instruction","    1. save this script as example.js","    2. run the shell command:","        $ npm install npmtest-app.js && PORT=8081 node example.js","    3. play with the browser-demo on http://127.0.0.1:8081","*/","","","","/* istanbul instrument in package npmtest_app_js */","/*jslint","    bitwise: true,","    browser: true,","    maxerr: 8,","    maxlen: 96,","    node: true,","    nomen: true,","    regexp: true,","    stupid: true","*/","(function () {","    'use strict';","    var local;","","","","    // run shared js-env code - pre-init","    (function () {","        // init local","        local = {};","        // init modeJs","        local.modeJs = (function () {","            try {","                return typeof navigator.userAgent === 'string' &&","                    typeof document.querySelector('body') === 'object' &&","                    typeof XMLHttpRequest.prototype.open === 'function' &&","                    'browser';","            } catch (errorCaughtBrowser) {","                return module.exports &&","                    typeof process.versions.node === 'string' &&","                    typeof require('http').createServer === 'function' &&","                    'node';","            }","        }());","        // init global","        local.global = local.modeJs === 'browser'","            ? window","            : global;","        // init utility2_rollup","        local = local.global.utility2_rollup || (local.modeJs === 'browser'","            ? local.global.utility2_npmtest_app_js","            : global.utility2_moduleExports);","        // export local","        local.global.local = local;","    }());","    switch (local.modeJs) {","","","","    // post-init","    // run browser js-env code - post-init","    /* istanbul ignore next */","    case 'browser':","        local.testRunBrowser = function (event) {","            if (!event || (event &&","                    event.currentTarget &&","                    event.currentTarget.className &&","                    event.currentTarget.className.includes &&","                    event.currentTarget.className.includes('onreset'))) {","                // reset output","                Array.from(","                    document.querySelectorAll('body > .resettable')","                ).forEach(function (element) {","                    switch (element.tagName) {","                    case 'INPUT':","                    case 'TEXTAREA':","                        element.value = '';","                        break;","                    default:","                        element.textContent = '';","                    }","                });","            }","            switch (event && event.currentTarget && event.currentTarget.id) {","            case 'testRunButton1':","                // show tests","                if (document.querySelector('#testReportDiv1').style.display === 'none') {","                    document.querySelector('#testReportDiv1').style.display = 'block';","                    document.querySelector('#testRunButton1').textContent =","                        'hide internal test';","                    local.modeTest = true;","                    local.testRunDefault(local);","                // hide tests","                } else {","                    document.querySelector('#testReportDiv1').style.display = 'none';","                    document.querySelector('#testRunButton1').textContent = 'run internal test';","                }","                break;","            // custom-case","            default:","                break;","            }","            if (document.querySelector('#inputTextareaEval1') && (!event || (event &&","                    event.currentTarget &&","                    event.currentTarget.className &&","                    event.currentTarget.className.includes &&","                    event.currentTarget.className.includes('oneval')))) {","                // try to eval input-code","                try {","                    /*jslint evil: true*/","                    eval(document.querySelector('#inputTextareaEval1').value);","                } catch (errorCaught) {","                    console.error(errorCaught);","                }","            }","        };","        // log stderr and stdout to #outputTextareaStdout1","        ['error', 'log'].forEach(function (key) {","            console[key + '_original'] = console[key];","            console[key] = function () {","                var element;","                console[key + '_original'].apply(console, arguments);","                element = document.querySelector('#outputTextareaStdout1');","                if (!element) {","                    return;","                }","                // append text to #outputTextareaStdout1","                element.value += Array.from(arguments).map(function (arg) {","                    return typeof arg === 'string'","                        ? arg","                        : JSON.stringify(arg, null, 4);","                }).join(' ') + '\\n';","                // scroll textarea to bottom","                element.scrollTop = element.scrollHeight;","            };","        });","        // init event-handling","        ['change', 'click', 'keyup'].forEach(function (event) {","            Array.from(document.querySelectorAll('.on' + event)).forEach(function (element) {","                element.addEventListener(event, local.testRunBrowser);","            });","        });","        // run tests","        local.testRunBrowser();","        break;","","","","    // run node js-env code - post-init","    /* istanbul ignore next */","    case 'node':","        // export local","        module.exports = local;","        // require modules","        local.fs = require('fs');","        local.http = require('http');","        local.url = require('url');","        // init assets","        local.assetsDict = local.assetsDict || {};","        /* jslint-ignore-begin */","        local.assetsDict['/assets.index.template.html'] = '\\","<!doctype html>\\n\\","<html lang=\"en\">\\n\\","<head>\\n\\","<meta charset=\"UTF-8\">\\n\\","<meta name=\"viewport\" content=\"width=device-width, initial-scale=1\">\\n\\","<title>{{env.npm_package_name}} (v{{env.npm_package_version}})</title>\\n\\","<style>\\n\\","/*csslint\\n\\","    box-sizing: false,\\n\\","    universal-selector: false\\n\\","*/\\n\\","* {\\n\\","    box-sizing: border-box;\\n\\","}\\n\\","body {\\n\\","    background: #dde;\\n\\","    font-family: Arial, Helvetica, sans-serif;\\n\\","    margin: 2rem;\\n\\","}\\n\\","body > * {\\n\\","    margin-bottom: 1rem;\\n\\","}\\n\\",".utility2FooterDiv {\\n\\","    margin-top: 20px;\\n\\","    text-align: center;\\n\\","}\\n\\","</style>\\n\\","<style>\\n\\","/*csslint\\n\\","*/\\n\\","textarea {\\n\\","    font-family: monospace;\\n\\","    height: 10rem;\\n\\","    width: 100%;\\n\\","}\\n\\","textarea[readonly] {\\n\\","    background: #ddd;\\n\\","}\\n\\","</style>\\n\\","</head>\\n\\","<body>\\n\\","<!-- utility2-comment\\n\\","<div id=\"ajaxProgressDiv1\" style=\"background: #d00; height: 2px; left: 0; margin: 0; padding: 0; position: fixed; top: 0; transition: background 0.5s, width 1.5s; width: 25%;\"></div>\\n\\","utility2-comment -->\\n\\","<h1>\\n\\","<!-- utility2-comment\\n\\","    <a\\n\\","        {{#if env.npm_package_homepage}}\\n\\","        href=\"{{env.npm_package_homepage}}\"\\n\\","        {{/if env.npm_package_homepage}}\\n\\","        target=\"_blank\"\\n\\","    >\\n\\","utility2-comment -->\\n\\","        {{env.npm_package_name}} (v{{env.npm_package_version}})\\n\\","<!-- utility2-comment\\n\\","    </a>\\n\\","utility2-comment -->\\n\\","</h1>\\n\\","<h3>{{env.npm_package_description}}</h3>\\n\\","<!-- utility2-comment\\n\\","<h4><a download href=\"assets.app.js\">download standalone app</a></h4>\\n\\","<button class=\"onclick onreset\" id=\"testRunButton1\">run internal test</button><br>\\n\\","<div id=\"testReportDiv1\" style=\"display: none;\"></div>\\n\\","utility2-comment -->\\n\\","\\n\\","\\n\\","\\n\\","<label>stderr and stdout</label>\\n\\","<textarea class=\"resettable\" id=\"outputTextareaStdout1\" readonly></textarea>\\n\\","<!-- utility2-comment\\n\\","{{#if isRollup}}\\n\\","<script src=\"assets.app.js\"></script>\\n\\","{{#unless isRollup}}\\n\\","utility2-comment -->\\n\\","<script src=\"assets.utility2.rollup.js\"></script>\\n\\","<script src=\"jsonp.utility2._stateInit?callback=window.utility2._stateInit\"></script>\\n\\","<script src=\"assets.npmtest_app_js.rollup.js\"></script>\\n\\","<script src=\"assets.example.js\"></script>\\n\\","<script src=\"assets.test.js\"></script>\\n\\","<!-- utility2-comment\\n\\","{{/if isRollup}}\\n\\","utility2-comment -->\\n\\","<div class=\"utility2FooterDiv\">\\n\\","    [ this app was created with\\n\\","    <a href=\"https://github.com/kaizhu256/node-utility2\" target=\"_blank\">utility2</a>\\n\\","    ]\\n\\","</div>\\n\\","</body>\\n\\","</html>\\n\\","';","        /* jslint-ignore-end */","        if (local.templateRender) {","            local.assetsDict['/'] = local.templateRender(","                local.assetsDict['/assets.index.template.html'],","                {","                    env: local.objectSetDefault(local.env, {","                        npm_package_description: 'the greatest app in the world!',","                        npm_package_name: 'my-app',","                        npm_package_nameAlias: 'my_app',","                        npm_package_version: '0.0.1'","                    })","                }","            );","        } else {","            local.assetsDict['/'] = local.assetsDict['/assets.index.template.html']","                .replace((/\\{\\{env\\.(\\w+?)\\}\\}/g), function (match0, match1) {","                    // jslint-hack","                    String(match0);","                    switch (match1) {","                    case 'npm_package_description':","                        return 'the greatest app in the world!';","                    case 'npm_package_name':","                        return 'my-app';","                    case 'npm_package_nameAlias':","                        return 'my_app';","                    case 'npm_package_version':","                        return '0.0.1';","                    }","                });","        }","        // run the cli","        if (local.global.utility2_rollup || module !== require.main) {","            break;","        }","        local.assetsDict['/assets.example.js'] =","            local.assetsDict['/assets.example.js'] ||","            local.fs.readFileSync(__filename, 'utf8');","        // bug-workaround - long $npm_package_buildCustomOrg","        /* jslint-ignore-begin */","        local.assetsDict['/assets.npmtest_app_js.rollup.js'] =","            local.assetsDict['/assets.npmtest_app_js.rollup.js'] ||","            local.fs.readFileSync(","                local.npmtest_app_js.__dirname + '/lib.npmtest_app_js.js',","                'utf8'","            ).replace((/^#!/), '//');","        /* jslint-ignore-end */","        local.assetsDict['/favicon.ico'] = local.assetsDict['/favicon.ico'] || '';","        // if $npm_config_timeout_exit exists,","        // then exit this process after $npm_config_timeout_exit ms","        if (Number(process.env.npm_config_timeout_exit)) {","            setTimeout(process.exit, Number(process.env.npm_config_timeout_exit));","        }","        // start server","        if (local.global.utility2_serverHttp1) {","            break;","        }","        process.env.PORT = process.env.PORT || '8081';","        console.error('server starting on port ' + process.env.PORT);","        local.http.createServer(function (request, response) {","            request.urlParsed = local.url.parse(request.url);","            if (local.assetsDict[request.urlParsed.pathname] !== undefined) {","                response.end(local.assetsDict[request.urlParsed.pathname]);","                return;","            }","            response.statusCode = 404;","            response.end();","        }).listen(process.env.PORT);","        break;","    }","}());",""],"l":{"26":2,"28":2,"33":2,"35":2,"37":2,"38":2,"39":2,"44":1,"51":2,"55":2,"59":2,"61":2,"69":1,"70":2,"76":2,"79":2,"82":2,"83":2,"85":1,"89":2,"92":1,"93":1,"94":1,"96":1,"97":1,"100":1,"101":1,"103":1,"106":1,"108":2,"114":1,"116":1,"118":1,"123":1,"124":2,"125":2,"126":3,"127":3,"128":3,"129":3,"130":1,"133":3,"134":3,"139":3,"143":1,"144":3,"145":1,"149":1,"150":1,"158":1,"160":1,"161":1,"162":1,"164":1,"166":1,"258":1,"259":1,"271":1,"274":6,"275":6,"277":1,"279":2,"281":1,"283":2,"288":1,"289":1,"291":1,"296":1,"303":1,"306":1,"307":1,"310":1,"311":1,"313":1,"314":1,"315":1,"316":1,"317":1,"318":1,"319":1,"321":1,"322":1,"324":1}},"/home/travis/build/npmtest/node-npmtest-app.js/node_modules/app.js/lib/appjs.js":{"path":"/home/travis/build/npmtest/node-npmtest-app.js/node_modules/app.js/lib/appjs.js","s":{"1":1,"2":1,"3":1,"4":0,"5":0,"6":0,"7":0,"8":0,"9":0,"10":0,"11":0,"12":0,"13":0,"14":0,"15":0,"16":0,"17":0,"18":0,"19":0,"20":0,"21":0,"22":0,"23":0,"24":0,"25":0,"26":0,"27":0,"28":0,"29":1,"30":0,"31":0,"32":1,"33":1,"34":1,"35":1,"36":1,"37":0,"38":0,"39":0,"40":1,"41":0,"42":0,"43":0,"44":0,"45":0,"46":0,"47":0,"48":0,"49":0,"50":0,"51":1,"52":0,"53":0,"54":0,"55":0,"56":0,"57":0,"58":0,"59":0,"60":0,"61":0,"62":1,"63":0,"64":0,"65":0,"66":0,"67":1,"68":0,"69":0,"70":0,"71":0,"72":0,"73":0,"74":0,"75":0,"76":0,"77":0,"78":0,"79":0,"80":0,"81":0,"82":0,"83":0,"84":0,"85":0,"86":0,"87":0,"88":0,"89":0,"90":0,"91":0,"92":0,"93":0,"94":0,"95":0,"96":0,"97":0,"98":0,"99":0,"100":0,"101":0,"102":0,"103":0,"104":1,"105":0,"106":0,"107":0,"108":0,"109":0,"110":1,"111":0,"112":1,"113":0,"114":0,"115":0,"116":0,"117":0,"118":0,"119":0,"120":0,"121":0,"122":0,"123":0,"124":0,"125":0,"126":0,"127":0,"128":0,"129":0,"130":0,"131":1,"132":0,"133":0,"134":0,"135":0,"136":0,"137":0,"138":1,"139":0,"140":0,"141":0,"142":0,"143":0,"144":0,"145":0,"146":0,"147":0,"148":0,"149":0,"150":0,"151":1,"152":0,"153":0,"154":0,"155":0,"156":0,"157":0,"158":1,"159":0,"160":0,"161":0,"162":1,"163":0,"164":0,"165":0},"b":{"1":[0,0],"2":[0,0],"3":[0,0],"4":[0,0],"5":[0,0],"6":[0,0],"7":[0,0],"8":[0,0],"9":[0,0],"10":[0,0],"11":[0,0],"12":[0,0],"13":[0,0],"14":[0,0],"15":[0,0],"16":[0,0],"17":[0,0],"18":[0,0],"19":[0,0]},"f":{"1":0,"2":0,"3":0,"4":0,"5":0,"6":0,"7":0,"8":0,"9":0,"10":0,"11":0,"12":0,"13":0,"14":0,"15":0,"16":0,"17":0,"18":0,"19":0,"20":0,"21":0,"22":0,"23":0,"24":0,"25":0,"26":0,"27":0,"28":0,"29":0,"30":0,"31":0,"32":0,"33":0},"fnMap":{"1":{"name":"(anonymous_1)","line":27,"loc":{"start":{"line":27,"column":14},"end":{"line":27,"column":29}}},"2":{"name":"(anonymous_2)","line":33,"loc":{"start":{"line":33,"column":32},"end":{"line":33,"column":55}}},"3":{"name":"(anonymous_3)","line":53,"loc":{"start":{"line":53,"column":41},"end":{"line":53,"column":55}}},"4":{"name":"(anonymous_4)","line":72,"loc":{"start":{"line":72,"column":16},"end":{"line":72,"column":31}}},"5":{"name":"createServersFromConf","line":84,"loc":{"start":{"line":84,"column":0},"end":{"line":84,"column":41}}},"6":{"name":"(anonymous_6)","line":86,"loc":{"start":{"line":86,"column":27},"end":{"line":86,"column":47}}},"7":{"name":"readConf","line":91,"loc":{"start":{"line":91,"column":0},"end":{"line":91,"column":24}}},"8":{"name":"getMainServer","line":109,"loc":{"start":{"line":109,"column":0},"end":{"line":109,"column":32}}},"9":{"name":"(anonymous_9)","line":115,"loc":{"start":{"line":115,"column":24},"end":{"line":115,"column":41}}},"10":{"name":"(anonymous_10)","line":120,"loc":{"start":{"line":120,"column":21},"end":{"line":120,"column":40}}},"11":{"name":"getPackServer","line":127,"loc":{"start":{"line":127,"column":0},"end":{"line":127,"column":38}}},"12":{"name":"createSiteServer","line":136,"loc":{"start":{"line":136,"column":0},"end":{"line":136,"column":42}}},"13":{"name":"(anonymous_13)","line":155,"loc":{"start":{"line":155,"column":21},"end":{"line":155,"column":32}}},"14":{"name":"(anonymous_14)","line":169,"loc":{"start":{"line":169,"column":36},"end":{"line":169,"column":47}}},"15":{"name":"(anonymous_15)","line":173,"loc":{"start":{"line":173,"column":35},"end":{"line":173,"column":46}}},"16":{"name":"(anonymous_16)","line":182,"loc":{"start":{"line":182,"column":39},"end":{"line":182,"column":61}}},"17":{"name":"defaultMiddleware","line":205,"loc":{"start":{"line":205,"column":0},"end":{"line":205,"column":43}}},"18":{"name":"fixPath","line":214,"loc":{"start":{"line":214,"column":0},"end":{"line":214,"column":26}}},"19":{"name":"packServer","line":220,"loc":{"start":{"line":220,"column":0},"end":{"line":220,"column":38}}},"20":{"name":"(anonymous_20)","line":246,"loc":{"start":{"line":246,"column":36},"end":{"line":246,"column":50}}},"21":{"name":"(anonymous_21)","line":248,"loc":{"start":{"line":248,"column":44},"end":{"line":248,"column":58}}},"22":{"name":"downloadStaticFiles","line":256,"loc":{"start":{"line":256,"column":0},"end":{"line":256,"column":41}}},"23":{"name":"(anonymous_23)","line":259,"loc":{"start":{"line":259,"column":55},"end":{"line":259,"column":81}}},"24":{"name":"(anonymous_24)","line":263,"loc":{"start":{"line":263,"column":40},"end":{"line":263,"column":54}}},"25":{"name":"downloadFile","line":269,"loc":{"start":{"line":269,"column":0},"end":{"line":269,"column":41}}},"26":{"name":"(anonymous_26)","line":271,"loc":{"start":{"line":271,"column":18},"end":{"line":271,"column":32}}},"27":{"name":"(anonymous_27)","line":272,"loc":{"start":{"line":272,"column":23},"end":{"line":272,"column":40}}},"28":{"name":"(anonymous_28)","line":275,"loc":{"start":{"line":275,"column":22},"end":{"line":275,"column":34}}},"29":{"name":"(anonymous_29)","line":281,"loc":{"start":{"line":281,"column":41},"end":{"line":281,"column":55}}},"30":{"name":"(anonymous_30)","line":286,"loc":{"start":{"line":286,"column":19},"end":{"line":286,"column":31}}},"31":{"name":"loadRepoVersion","line":291,"loc":{"start":{"line":291,"column":0},"end":{"line":291,"column":35}}},"32":{"name":"saveRepoVersion","line":303,"loc":{"start":{"line":303,"column":0},"end":{"line":303,"column":44}}},"33":{"name":"incrementRepoVersion","line":309,"loc":{"start":{"line":309,"column":0},"end":{"line":309,"column":39}}}},"statementMap":{"1":{"start":{"line":2,"column":0},"end":{"line":19,"column":31}},"2":{"start":{"line":23,"column":0},"end":{"line":23,"column":23}},"3":{"start":{"line":27,"column":0},"end":{"line":70,"column":1}},"4":{"start":{"line":28,"column":4},"end":{"line":31,"column":5}},"5":{"start":{"line":29,"column":8},"end":{"line":29,"column":44}},"6":{"start":{"line":30,"column":8},"end":{"line":30,"column":37}},"7":{"start":{"line":33,"column":4},"end":{"line":69,"column":7}},"8":{"start":{"line":34,"column":8},"end":{"line":68,"column":9}},"9":{"start":{"line":35,"column":12},"end":{"line":35,"column":51}},"10":{"start":{"line":37,"column":12},"end":{"line":67,"column":13}},"11":{"start":{"line":38,"column":16},"end":{"line":38,"column":32}},"12":{"start":{"line":39,"column":16},"end":{"line":39,"column":63}},"13":{"start":{"line":40,"column":16},"end":{"line":40,"column":53}},"14":{"start":{"line":42,"column":16},"end":{"line":46,"column":17}},"15":{"start":{"line":43,"column":20},"end":{"line":43,"column":80}},"16":{"start":{"line":45,"column":20},"end":{"line":45,"column":47}},"17":{"start":{"line":48,"column":16},"end":{"line":48,"column":67}},"18":{"start":{"line":50,"column":16},"end":{"line":50,"column":68}},"19":{"start":{"line":51,"column":16},"end":{"line":51,"column":63}},"20":{"start":{"line":53,"column":16},"end":{"line":60,"column":19}},"21":{"start":{"line":54,"column":20},"end":{"line":58,"column":21}},"22":{"start":{"line":55,"column":24},"end":{"line":55,"column":41}},"23":{"start":{"line":57,"column":24},"end":{"line":57,"column":45}},"24":{"start":{"line":59,"column":20},"end":{"line":59,"column":36}},"25":{"start":{"line":62,"column":16},"end":{"line":62,"column":52}},"26":{"start":{"line":63,"column":16},"end":{"line":63,"column":58}},"27":{"start":{"line":64,"column":16},"end":{"line":64,"column":36}},"28":{"start":{"line":65,"column":16},"end":{"line":66,"column":40}},"29":{"start":{"line":72,"column":0},"end":{"line":75,"column":1}},"30":{"start":{"line":73,"column":4},"end":{"line":73,"column":28}},"31":{"start":{"line":74,"column":4},"end":{"line":74,"column":23}},"32":{"start":{"line":77,"column":0},"end":{"line":77,"column":18}},"33":{"start":{"line":78,"column":0},"end":{"line":78,"column":40}},"34":{"start":{"line":79,"column":0},"end":{"line":79,"column":40}},"35":{"start":{"line":80,"column":0},"end":{"line":80,"column":50}},"36":{"start":{"line":84,"column":0},"end":{"line":89,"column":1}},"37":{"start":{"line":85,"column":4},"end":{"line":85,"column":31}},"38":{"start":{"line":86,"column":4},"end":{"line":88,"column":12}},"39":{"start":{"line":87,"column":8},"end":{"line":87,"column":42}},"40":{"start":{"line":91,"column":0},"end":{"line":107,"column":1}},"41":{"start":{"line":92,"column":4},"end":{"line":106,"column":5}},"42":{"start":{"line":93,"column":8},"end":{"line":103,"column":9}},"43":{"start":{"line":94,"column":12},"end":{"line":94,"column":37}},"44":{"start":{"line":95,"column":12},"end":{"line":95,"column":60}},"45":{"start":{"line":96,"column":12},"end":{"line":96,"column":44}},"46":{"start":{"line":97,"column":12},"end":{"line":99,"column":13}},"47":{"start":{"line":98,"column":16},"end":{"line":98,"column":32}},"48":{"start":{"line":100,"column":12},"end":{"line":100,"column":25}},"49":{"start":{"line":102,"column":12},"end":{"line":102,"column":65}},"50":{"start":{"line":105,"column":8},"end":{"line":105,"column":22}},"51":{"start":{"line":109,"column":0},"end":{"line":125,"column":1}},"52":{"start":{"line":110,"column":4},"end":{"line":124,"column":5}},"53":{"start":{"line":111,"column":8},"end":{"line":111,"column":26}},"54":{"start":{"line":113,"column":8},"end":{"line":113,"column":41}},"55":{"start":{"line":115,"column":8},"end":{"line":118,"column":11}},"56":{"start":{"line":116,"column":12},"end":{"line":116,"column":56}},"57":{"start":{"line":117,"column":12},"end":{"line":117,"column":63}},"58":{"start":{"line":119,"column":8},"end":{"line":119,"column":28}},"59":{"start":{"line":120,"column":8},"end":{"line":122,"column":11}},"60":{"start":{"line":121,"column":12},"end":{"line":121,"column":82}},"61":{"start":{"line":123,"column":8},"end":{"line":123,"column":19}},"62":{"start":{"line":127,"column":0},"end":{"line":134,"column":1}},"63":{"start":{"line":128,"column":4},"end":{"line":133,"column":5}},"64":{"start":{"line":129,"column":8},"end":{"line":129,"column":32}},"65":{"start":{"line":130,"column":8},"end":{"line":132,"column":9}},"66":{"start":{"line":131,"column":12},"end":{"line":131,"column":26}},"67":{"start":{"line":136,"column":0},"end":{"line":203,"column":1}},"68":{"start":{"line":137,"column":4},"end":{"line":137,"column":44}},"69":{"start":{"line":138,"column":4},"end":{"line":138,"column":49}},"70":{"start":{"line":140,"column":4},"end":{"line":140,"column":40}},"71":{"start":{"line":141,"column":4},"end":{"line":141,"column":23}},"72":{"start":{"line":143,"column":4},"end":{"line":143,"column":28}},"73":{"start":{"line":144,"column":4},"end":{"line":144,"column":41}},"74":{"start":{"line":145,"column":4},"end":{"line":145,"column":39}},"75":{"start":{"line":146,"column":4},"end":{"line":146,"column":41}},"76":{"start":{"line":147,"column":4},"end":{"line":147,"column":45}},"77":{"start":{"line":149,"column":4},"end":{"line":151,"column":5}},"78":{"start":{"line":150,"column":8},"end":{"line":150,"column":61}},"79":{"start":{"line":153,"column":4},"end":{"line":153,"column":54}},"80":{"start":{"line":155,"column":4},"end":{"line":167,"column":7}},"81":{"start":{"line":156,"column":8},"end":{"line":156,"column":29}},"82":{"start":{"line":157,"column":8},"end":{"line":157,"column":38}},"83":{"start":{"line":158,"column":8},"end":{"line":158,"column":36}},"84":{"start":{"line":159,"column":8},"end":{"line":159,"column":41}},"85":{"start":{"line":160,"column":8},"end":{"line":160,"column":43}},"86":{"start":{"line":162,"column":8},"end":{"line":164,"column":9}},"87":{"start":{"line":163,"column":12},"end":{"line":163,"column":56}},"88":{"start":{"line":166,"column":8},"end":{"line":166,"column":34}},"89":{"start":{"line":169,"column":4},"end":{"line":171,"column":7}},"90":{"start":{"line":170,"column":8},"end":{"line":170,"column":84}},"91":{"start":{"line":173,"column":4},"end":{"line":175,"column":7}},"92":{"start":{"line":174,"column":8},"end":{"line":174,"column":43}},"93":{"start":{"line":177,"column":4},"end":{"line":179,"column":5}},"94":{"start":{"line":178,"column":8},"end":{"line":178,"column":89}},"95":{"start":{"line":181,"column":4},"end":{"line":181,"column":50}},"96":{"start":{"line":182,"column":4},"end":{"line":194,"column":18}},"97":{"start":{"line":183,"column":8},"end":{"line":183,"column":42}},"98":{"start":{"line":184,"column":8},"end":{"line":184,"column":40}},"99":{"start":{"line":186,"column":8},"end":{"line":186,"column":42}},"100":{"start":{"line":187,"column":8},"end":{"line":187,"column":26}},"101":{"start":{"line":189,"column":8},"end":{"line":191,"column":9}},"102":{"start":{"line":190,"column":12},"end":{"line":190,"column":59}},"103":{"start":{"line":193,"column":8},"end":{"line":193,"column":22}},"104":{"start":{"line":205,"column":0},"end":{"line":212,"column":1}},"105":{"start":{"line":206,"column":4},"end":{"line":206,"column":41}},"106":{"start":{"line":207,"column":4},"end":{"line":207,"column":45}},"107":{"start":{"line":208,"column":4},"end":{"line":208,"column":38}},"108":{"start":{"line":210,"column":4},"end":{"line":210,"column":38}},"109":{"start":{"line":211,"column":4},"end":{"line":211,"column":11}},"110":{"start":{"line":214,"column":0},"end":{"line":216,"column":1}},"111":{"start":{"line":215,"column":4},"end":{"line":215,"column":66}},"112":{"start":{"line":220,"column":0},"end":{"line":254,"column":1}},"113":{"start":{"line":221,"column":4},"end":{"line":221,"column":30}},"114":{"start":{"line":222,"column":4},"end":{"line":222,"column":45}},"115":{"start":{"line":223,"column":4},"end":{"line":228,"column":6}},"116":{"start":{"line":230,"column":4},"end":{"line":230,"column":34}},"117":{"start":{"line":231,"column":4},"end":{"line":233,"column":6}},"118":{"start":{"line":234,"column":4},"end":{"line":237,"column":5}},"119":{"start":{"line":235,"column":8},"end":{"line":235,"column":26}},"120":{"start":{"line":236,"column":8},"end":{"line":236,"column":26}},"121":{"start":{"line":239,"column":4},"end":{"line":239,"column":68}},"122":{"start":{"line":240,"column":4},"end":{"line":240,"column":28}},"123":{"start":{"line":242,"column":4},"end":{"line":253,"column":5}},"124":{"start":{"line":243,"column":8},"end":{"line":243,"column":47}},"125":{"start":{"line":244,"column":8},"end":{"line":244,"column":64}},"126":{"start":{"line":245,"column":8},"end":{"line":245,"column":36}},"127":{"start":{"line":246,"column":8},"end":{"line":252,"column":11}},"128":{"start":{"line":247,"column":12},"end":{"line":251,"column":13}},"129":{"start":{"line":248,"column":16},"end":{"line":250,"column":19}},"130":{"start":{"line":249,"column":20},"end":{"line":249,"column":28}},"131":{"start":{"line":256,"column":0},"end":{"line":267,"column":1}},"132":{"start":{"line":257,"column":4},"end":{"line":257,"column":30}},"133":{"start":{"line":259,"column":4},"end":{"line":266,"column":18}},"134":{"start":{"line":260,"column":8},"end":{"line":261,"column":56}},"135":{"start":{"line":262,"column":8},"end":{"line":262,"column":35}},"136":{"start":{"line":263,"column":8},"end":{"line":265,"column":10}},"137":{"start":{"line":264,"column":12},"end":{"line":264,"column":20}},"138":{"start":{"line":269,"column":0},"end":{"line":289,"column":1}},"139":{"start":{"line":270,"column":4},"end":{"line":270,"column":20}},"140":{"start":{"line":271,"column":4},"end":{"line":288,"column":7}},"141":{"start":{"line":272,"column":8},"end":{"line":274,"column":11}},"142":{"start":{"line":273,"column":12},"end":{"line":273,"column":42}},"143":{"start":{"line":275,"column":8},"end":{"line":285,"column":11}},"144":{"start":{"line":276,"column":12},"end":{"line":276,"column":39}},"145":{"start":{"line":278,"column":12},"end":{"line":278,"column":49}},"146":{"start":{"line":279,"column":12},"end":{"line":279,"column":32}},"147":{"start":{"line":281,"column":12},"end":{"line":284,"column":15}},"148":{"start":{"line":282,"column":16},"end":{"line":282,"column":63}},"149":{"start":{"line":283,"column":16},"end":{"line":283,"column":24}},"150":{"start":{"line":287,"column":6},"end":{"line":287,"column":12}},"151":{"start":{"line":291,"column":0},"end":{"line":301,"column":1}},"152":{"start":{"line":292,"column":4},"end":{"line":292,"column":58}},"153":{"start":{"line":293,"column":4},"end":{"line":300,"column":5}},"154":{"start":{"line":294,"column":8},"end":{"line":294,"column":55}},"155":{"start":{"line":295,"column":8},"end":{"line":297,"column":9}},"156":{"start":{"line":296,"column":12},"end":{"line":296,"column":51}},"157":{"start":{"line":299,"column":8},"end":{"line":299,"column":20}},"158":{"start":{"line":303,"column":0},"end":{"line":307,"column":1}},"159":{"start":{"line":304,"column":4},"end":{"line":304,"column":58}},"160":{"start":{"line":305,"column":4},"end":{"line":305,"column":50}},"161":{"start":{"line":306,"column":4},"end":{"line":306,"column":40}},"162":{"start":{"line":309,"column":0},"end":{"line":313,"column":1}},"163":{"start":{"line":310,"column":4},"end":{"line":310,"column":35}},"164":{"start":{"line":311,"column":4},"end":{"line":311,"column":64}},"165":{"start":{"line":312,"column":4},"end":{"line":312,"column":27}}},"branchMap":{"1":{"line":28,"type":"if","locations":[{"start":{"line":28,"column":4},"end":{"line":28,"column":4}},{"start":{"line":28,"column":4},"end":{"line":28,"column":4}}]},"2":{"line":34,"type":"if","locations":[{"start":{"line":34,"column":8},"end":{"line":34,"column":8}},{"start":{"line":34,"column":8},"end":{"line":34,"column":8}}]},"3":{"line":34,"type":"binary-expr","locations":[{"start":{"line":34,"column":12},"end":{"line":34,"column":15}},{"start":{"line":34,"column":19},"end":{"line":34,"column":34}}]},"4":{"line":37,"type":"if","locations":[{"start":{"line":37,"column":12},"end":{"line":37,"column":12}},{"start":{"line":37,"column":12},"end":{"line":37,"column":12}}]},"5":{"line":42,"type":"if","locations":[{"start":{"line":42,"column":16},"end":{"line":42,"column":16}},{"start":{"line":42,"column":16},"end":{"line":42,"column":16}}]},"6":{"line":54,"type":"if","locations":[{"start":{"line":54,"column":20},"end":{"line":54,"column":20}},{"start":{"line":54,"column":20},"end":{"line":54,"column":20}}]},"7":{"line":62,"type":"binary-expr","locations":[{"start":{"line":62,"column":27},"end":{"line":62,"column":36}},{"start":{"line":62,"column":40},"end":{"line":62,"column":51}}]},"8":{"line":92,"type":"if","locations":[{"start":{"line":92,"column":4},"end":{"line":92,"column":4}},{"start":{"line":92,"column":4},"end":{"line":92,"column":4}}]},"9":{"line":97,"type":"if","locations":[{"start":{"line":97,"column":12},"end":{"line":97,"column":12}},{"start":{"line":97,"column":12},"end":{"line":97,"column":12}}]},"10":{"line":110,"type":"if","locations":[{"start":{"line":110,"column":4},"end":{"line":110,"column":4}},{"start":{"line":110,"column":4},"end":{"line":110,"column":4}}]},"11":{"line":130,"type":"if","locations":[{"start":{"line":130,"column":8},"end":{"line":130,"column":8}},{"start":{"line":130,"column":8},"end":{"line":130,"column":8}}]},"12":{"line":149,"type":"if","locations":[{"start":{"line":149,"column":4},"end":{"line":149,"column":4}},{"start":{"line":149,"column":4},"end":{"line":149,"column":4}}]},"13":{"line":162,"type":"if","locations":[{"start":{"line":162,"column":8},"end":{"line":162,"column":8}},{"start":{"line":162,"column":8},"end":{"line":162,"column":8}}]},"14":{"line":177,"type":"if","locations":[{"start":{"line":177,"column":4},"end":{"line":177,"column":4}},{"start":{"line":177,"column":4},"end":{"line":177,"column":4}}]},"15":{"line":177,"type":"binary-expr","locations":[{"start":{"line":177,"column":8},"end":{"line":177,"column":25}},{"start":{"line":177,"column":29},"end":{"line":177,"column":47}}]},"16":{"line":189,"type":"if","locations":[{"start":{"line":189,"column":8},"end":{"line":189,"column":8}},{"start":{"line":189,"column":8},"end":{"line":189,"column":8}}]},"17":{"line":215,"type":"cond-expr","locations":[{"start":{"line":215,"column":21},"end":{"line":215,"column":60}},{"start":{"line":215,"column":63},"end":{"line":215,"column":65}}]},"18":{"line":247,"type":"if","locations":[{"start":{"line":247,"column":12},"end":{"line":247,"column":12}},{"start":{"line":247,"column":12},"end":{"line":247,"column":12}}]},"19":{"line":295,"type":"if","locations":[{"start":{"line":295,"column":8},"end":{"line":295,"column":8}},{"start":{"line":295,"column":8},"end":{"line":295,"column":8}}]}},"code":["","var fs = require('fs'),","    path = require('path'),","    ncp = require('ncp').ncp,","    mkdirsSync = require('mkdir').mkdirsSync,","    http = require('http'),","    _ = require('underscore'),","    async = require(\"async\"),","    dandy = require(\"dandy/errors\"),","    abind = require(\"dandy/errors\").abind,","    ibind = require(\"dandy/errors\").ibind,","    assert = require('assert').ok,","    express = require('express'),","    logger = require('express-logger'),","    rewriter = require('express-rewrite'),","    Cache = require('diskcache').Cache,","    App = require('./App').App,","    pkg = require('./pkg'),","    utils = require('./utils');","","// *************************************************************************************************","","var defaultPort = 8080;","","// *************************************************************************************************","","exports.run = function(argv) {","    if (argv.pack) {","        process.env.NODE_ENV = 'production';","        process.env.APPJSPACK = true;","    }","","    createServersFromConf(argv, function(err, servers) {","        if (err || !servers.length) {","            dandy.logException(\"No sites loaded.\");","        } else {","            if (argv.pack) {","                var port = 8081;","                var server = getPackServer(servers, argv.pack);","                var httpServer = server.listen(port);","","                if (server.appVersion) {","                    server.appVersion = incrementRepoVersion(server.appVersion);","                } else {","                    server.appVersion = 'v0.0';","                }","","                console.log('Creating version', server.appVersion);","","                saveRepoVersion(server.repoPath, server.appVersion);","                server.appjsApp.appVersion = server.appVersion;","","                packServer(server, port, function(err) {","                    if (err) {","                        console.log(err);","                    } else {","                        console.log('done.');","                    }","                    process.exit(0);","                });","            } else {","                var port = argv.port || defaultPort;","                var server = getMainServer(servers, argv);","                server.listen(port);","                console.log(\"App.js server listening on port %d (%s)\", server.address().port,","                            new Date());","            }","        }       ","    });","}","","exports.route = function(conf) {","    var app = new App(conf);","    return app.route(); ","}","","exports.App = App;","exports.searchScript = pkg.searchScript;","exports.searchStatic = pkg.searchStatic;","exports.shortenStaticPath = pkg.shortenStaticPath;","","// *************************************************************************************************","","function createServersFromConf(argv, cb) {","    var confs = readConf(argv);","    async.map(confs, ibind(function(conf, cb2) {","        createSiteServer(conf, argv, cb2);","    }), cb);","}","","function readConf(argv) {","    if (argv._[0]) {","        try {","            var confPath = argv._[0];","            var content = fs.readFileSync(confPath, 'utf8');","            var confs = JSON.parse(content);","            if (!(confs instanceof Array)) {","                confs = [confs];","            }","            return confs;","        } catch (exc) {","            console.error(\"Unable to read conf at %s\", confPath);","        }","    } else {","        return [argv];","    }","}","","function getMainServer(servers) {","    if (servers.length == 1) {","        return servers[0];","    } else {","        var hub = express.createServer();","","        servers.forEach(function(server) {","            hub.use(express.vhost(server.host, server));","            hub.use(express.vhost('*.' + server.host, server));","        });","        hub.use(hub.router);","        hub.get(\"*\", function(req, res) {","            res.send('Nothing to see here.', {'Content-Type': 'text/plain'}, 200);","        });","        return hub;","    }   ","}","","function getPackServer(servers, host) {","    for (var i = 0, l = servers.length; i < l; ++i) {","        var server = servers[i];","        if (server.host == host) {","            return server;","        }","    }","}","","function createSiteServer(conf, argv, cb) {","    assert(conf.host, \"No host specified.\");","    assert(conf.app, \"No app module specified.\");","","    var server = express.createServer();","    server.conf = conf;","","    server.host = conf.host;","    server.repoPath = fixPath(conf.repo); ","    server.appPath = fixPath(conf.app);","    server.logsPath = fixPath(conf.logs);","    server.cachesPath = fixPath(conf.caches);","","    if (server.repoPath) {","        server.appVersion = loadRepoVersion(server.repoPath);","    }","","    server.rewrite = _.bind(rewriter.rewrite, server);","","    server.configure(function() {","        server.use(rewriter);","        server.use(defaultMiddleware);","        server.use(express.query());","        server.use(express.bodyParser());","        server.use(express.cookieParser());","    ","        if (server.logsPath) {","            server.use(logger({path: server.logsPath}));","        }","","        server.use(server.router);","    });","","    server.configure('development', function() {","        server.use(express.errorHandler({ dumpExceptions: true, showStack: true })); ","    });","","    server.configure('production', function() {","        server.use(express.errorHandler()); ","    });","","    if (server.cachesPath && !argv.disableCache) {","        server.diskCache = new Cache(server.cachesPath, !!server.cachesPath, true, true);","    }","","    var appPath = require.resolve(server.appPath);","    pkg.findPackageInfo(appPath, abind(function(err, result) {","        server.appName = result.info.name;","        server.appPackage = result.info;","","        var app = require(server.appPath);","        app(server, conf);","","        if (server.appjsApp) {","            server.appjsApp.appVersion = server.appVersion;            ","        }","","        cb(0, server);","    }, cb, this));","           ","    // blog.configure(server);","","    // var middleware = options.disableCache ? null : [cacheware(blog.cache)];","","    // syndicate.route(server, blog, middleware);","    // blog.api.route(server, middleware);","    // appjs.route(server, blog.app, blog.api, blog.cache, options || {});","}","","function defaultMiddleware(req, res, next) {","    res.setHeader('Date', new Date()+'');","    res.setHeader('Vary', 'Accept-Encoding');","    res.setHeader('Server', 'App.js');","    ","    res.sendSafely = utils.sendSafely;","    next();    ","}","","function fixPath(thePath) {","    return thePath ? thePath.replace(/^~/, process.env.HOME) : '';","}","","// *************************************************************************************************","","function packServer(server, port, cb) {","    var app = server.appjsApp;","    var urlBase = 'http://localhost:' + port;","    var urls = [","        '/favicon.ico',","        '/app.js/cache.manifest',","        '/app.js/js',","        '/app.js/css',","    ];","","    var remaining = urls.length+1;","    var urlMap = {","        '/': '/index.html',","    };","    for (var i = 0, l = urls.length; i < l; ++i) {","        var url = urls[i];","        urlMap[url] = url;","    }","","    var versionPath = path.join(server.repoPath, server.appVersion);","    mkdirsSync(versionPath);","","    for (var urlPath in urlMap) {","        var destPathFragment = urlMap[urlPath];","        var destPath = path.join(versionPath, destPathFragment);","        var url = urlBase + urlPath;","        downloadFile(url, destPath, function(err) {","            if (--remaining == 0) {","                downloadStaticFiles(server, function(err) {","                    cb(err);","                });","            }","        });","    }","}","","function downloadStaticFiles(server, cb) {","    var app = server.appjsApp;","","    pkg.searchStatic(app.packageName, app.paths, abind(function(err, staticPath) {","        var destStaticPath = path.join(server.repoPath, server.appVersion, 'app.js', 'static',","                                       app.packageName);","        mkdirsSync(destStaticPath);","        ncp(staticPath, destStaticPath, function(err) {","            cb(err);","        })","    }, cb, this));","}","","function downloadFile(url, destPath, cb) {","    var chunks = [];","    http.get(url, function(res) {","        res.on('data', function (chunk) {","            chunks[chunks.length] = chunk;","        });","        res.on('end', function () {","            var data = chunks.join('');","","            var dirPath = path.dirname(destPath);","            mkdirsSync(dirPath);","","            fs.writeFile(destPath, data, function(err) {","                console.log('Downloaded', url, 'to', destPath);","                cb(err);","            });","        });","    }).on('error', function(e) {","      cb(e);","    });","}","","function loadRepoVersion(repoPath) {","    var versionPath = path.join(repoPath, 'version.json');","    try {","        var versionJson = fs.readFileSync(versionPath);","        if (versionJson) {","            return JSON.parse(versionJson).version;","        }        ","    } catch (exc) {","        return null;","    }","}","","function saveRepoVersion(repoPath, version) {","    var versionPath = path.join(repoPath, 've
[...]
4,"column":41}}]}},"code":["/*","    http://www.JSON.org/json2.js","    2011-02-23","","    Public Domain.","","    NO WARRANTY EXPRESSED OR IMPLIED. USE AT YOUR OWN RISK.","","    See http://www.JSON.org/js.html","","","    This code should be minified before deployment.","    See http://javascript.crockford.com/jsmin.html","","    USE YOUR OWN COPY. IT IS EXTREMELY UNWISE TO LOAD CODE FROM SERVERS YOU DO","    NOT CONTROL.","","","    This file creates a global JSON object containing two methods: stringify","    and parse.","","        JSON.stringify(value, replacer, space)","            value       any JavaScript value, usually an object or array.","","            replacer    an optional parameter that determines how object","                        values are stringified for objects. It can be a","                        function or an array of strings.","","            space       an optional parameter that specifies the indentation","                        of nested structures. If it is omitted, the text will","                        be packed without extra whitespace. If it is a number,","                        it will specify the number of spaces to indent at each","                        level. If it is a string (such as '\\t' or '&nbsp;'),","                        it contains the characters used to indent at each level.","","            This method produces a JSON text from a JavaScript value.","","            When an object value is found, if the object contains a toJSON","            method, its toJSON method will be called and the result will be","            stringified. A toJSON method does not serialize: it returns the","            value represented by the name/value pair that should be serialized,","            or undefined if nothing should be serialized. The toJSON method","            will be passed the key associated with the value, and this will be","            bound to the value","","            For example, this would serialize Dates as ISO strings.","","                Date.prototype.toJSON = function (key) {","                    function f(n) {","                        // Format integers to have at least two digits.","                        return n < 10 ? '0' + n : n;","                    }","","                    return this.getUTCFullYear()   + '-' +","                         f(this.getUTCMonth() + 1) + '-' +","                         f(this.getUTCDate())      + 'T' +","                         f(this.getUTCHours())     + ':' +","                         f(this.getUTCMinutes())   + ':' +","                         f(this.getUTCSeconds())   + 'Z';","                };","","            You can provide an optional replacer method. It will be passed the","            key and value of each member, with this bound to the containing","            object. The value that is returned from your method will be","            serialized. If your method returns undefined, then the member will","            be excluded from the serialization.","","            If the replacer parameter is an array of strings, then it will be","            used to select the members to be serialized. It filters the results","            such that only members with keys listed in the replacer array are","            stringified.","","            Values that do not have JSON representations, such as undefined or","            functions, will not be serialized. Such values in objects will be","            dropped; in arrays they will be replaced with null. You can use","            a replacer function to replace those with JSON values.","            JSON.stringify(undefined) returns undefined.","","            The optional space parameter produces a stringification of the","            value that is filled with line breaks and indentation to make it","            easier to read.","","            If the space parameter is a non-empty string, then that string will","            be used for indentation. If the space parameter is a number, then","            the indentation will be that many spaces.","","            Example:","","            text = JSON.stringify(['e', {pluribus: 'unum'}]);","            // text is '[\"e\",{\"pluribus\":\"unum\"}]'","","","            text = JSON.stringify(['e', {pluribus: 'unum'}], null, '\\t');","            // text is '[\\n\\t\"e\",\\n\\t{\\n\\t\\t\"pluribus\": \"unum\"\\n\\t}\\n]'","","            text = JSON.stringify([new Date()], function (key, value) {","                return this[key] instanceof Date ?","                    'Date(' + this[key] + ')' : value;","            });","            // text is '[\"Date(---current time---)\"]'","","","        JSON.parse(text, reviver)","            This method parses a JSON text to produce an object or array.","            It can throw a SyntaxError exception.","","            The optional reviver parameter is a function that can filter and","            transform the results. It receives each of the keys and values,","            and its return value is used instead of the original value.","            If it returns what it received, then the structure is not modified.","            If it returns undefined then the member is deleted.","","            Example:","","            // Parse the text. Values that look like ISO date strings will","            // be converted to Date objects.","","            myData = JSON.parse(text, function (key, value) {","                var a;","                if (typeof value === 'string') {","                    a =","/^(\\d{4})-(\\d{2})-(\\d{2})T(\\d{2}):(\\d{2}):(\\d{2}(?:\\.\\d*)?)Z$/.exec(value);","                    if (a) {","                        return new Date(Date.UTC(+a[1], +a[2] - 1, +a[3], +a[4],","                            +a[5], +a[6]));","                    }","                }","                return value;","            });","","            myData = JSON.parse('[\"Date(09/09/2001)\"]', function (key, value) {","                var d;","                if (typeof value === 'string' &&","                        value.slice(0, 5) === 'Date(' &&","                        value.slice(-1) === ')') {","                    d = new Date(value.slice(5, -1));","                    if (d) {","                        return d;","                    }","                }","                return value;","            });","","","    This is a reference implementation. You are free to copy, modify, or","    redistribute.","*/","","/*jslint evil: true, strict: false, regexp: false */","","/*members \"\", \"\\b\", \"\\t\", \"\\n\", \"\\f\", \"\\r\", \"\\\"\", JSON, \"\\\\\", apply,","    call, charCodeAt, getUTCDate, getUTCFullYear, getUTCHours,","    getUTCMinutes, getUTCMonth, getUTCSeconds, hasOwnProperty, join,","    lastIndex, length, parse, prototype, push, replace, slice, stringify,","    test, toJSON, toString, valueOf","*/","","","// Create a JSON object only if one does not already exist. We create the","// methods in a closure to avoid creating global variables.","","// This modification made for polyfills","window.JSON = {};","// var JSON;","// if (!JSON) {","//     JSON = {};","// }","","(function () {","    \"use strict\";","","    function f(n) {","        // Format integers to have at least two digits.","        return n < 10 ? '0' + n : n;","    }","","    if (typeof Date.prototype.toJSON !== 'function') {","","        Date.prototype.toJSON = function (key) {","","            return isFinite(this.valueOf()) ?","                this.getUTCFullYear()     + '-' +","                f(this.getUTCMonth() + 1) + '-' +","                f(this.getUTCDate())      + 'T' +","                f(this.getUTCHours())     + ':' +","                f(this.getUTCMinutes())   + ':' +","                f(this.getUTCSeconds())   + 'Z' : null;","        };","","        String.prototype.toJSON      =","            Number.prototype.toJSON  =","            Boolean.prototype.toJSON = function (key) {","                return this.valueOf();","            };","    }","","    var cx = /[\\u0000\\u00ad\\u0600-\\u0604\\u070f\\u17b4\\u17b5\\u200c-\\u200f\\u2028-\\u202f\\u2060-\\u206f\\ufeff\\ufff0-\\uffff]/g,","        escapable = /[\\\\\\\"\\x00-\\x1f\\x7f-\\x9f\\u00ad\\u0600-\\u0604\\u070f\\u17b4\\u17b5\\u200c-\\u200f\\u2028-\\u202f\\u2060-\\u206f\\ufeff\\ufff0-\\uffff]/g,","        gap,","        indent,","        meta = {    // table of character substitutions","            '\\b': '\\\\b',","            '\\t': '\\\\t',","            '\\n': '\\\\n',","            '\\f': '\\\\f',","            '\\r': '\\\\r',","            '\"' : '\\\\\"',","            '\\\\': '\\\\\\\\'","        },","        rep;","","","    function quote(string) {","","// If the string contains no control characters, no quote characters, and no","// backslash characters, then we can safely slap some quotes around it.","// Otherwise we must also replace the offending characters with safe escape","// sequences.","","        escapable.lastIndex = 0;","        return escapable.test(string) ? '\"' + string.replace(escapable, function (a) {","            var c = meta[a];","            return typeof c === 'string' ? c :","                '\\\\u' + ('0000' + a.charCodeAt(0).toString(16)).slice(-4);","        }) + '\"' : '\"' + string + '\"';","    }","","","    function str(key, holder) {","","// Produce a string from holder[key].","","        var i,          // The loop counter.","            k,          // The member key.","            v,          // The member value.","            length,","            mind = gap,","            partial,","            value = holder[key];","","// If the value has a toJSON method, call it to obtain a replacement value.","","        if (value && typeof value === 'object' &&","                typeof value.toJSON === 'function') {","            value = value.toJSON(key);","        }","","// If we were called with a replacer function, then call the replacer to","// obtain a replacement value.","","        if (typeof rep === 'function') {","            value = rep.call(holder, key, value);","        }","","// What happens next depends on the value's type.","","        switch (typeof value) {","        case 'string':","            return quote(value);","","        case 'number':","","// JSON numbers must be finite. Encode non-finite numbers as null.","","            return isFinite(value) ? String(value) : 'null';","","        case 'boolean':","        case 'null':","","// If the value is a boolean or null, convert it to a string. Note:","// typeof null does not produce 'null'. The case is included here in","// the remote chance that this gets fixed someday.","","            return String(value);","","// If the type is 'object', we might be dealing with an object or an array or","// null.","","        case 'object':","","// Due to a specification blunder in ECMAScript, typeof null is 'object',","// so watch out for that case.","","            if (!value) {","                return 'null';","            }","","// Make an array to hold the partial results of stringifying this object value.","","            gap += indent;","            partial = [];","","// Is the value an array?","","            if (Object.prototype.toString.apply(value) === '[object Array]') {","","// The value is an array. Stringify every element. Use null as a placeholder","// for non-JSON values.","","                length = value.length;","                for (i = 0; i < length; i += 1) {","                    partial[i] = str(i, value) || 'null';","                }","","// Join all of the elements together, separated with commas, and wrap them in","// brackets.","","                v = partial.length === 0 ? '[]' : gap ?","                    '[\\n' + gap + partial.join(',\\n' + gap) + '\\n' + mind + ']' :","                    '[' + partial.join(',') + ']';","                gap = mind;","                return v;","            }","","// If the replacer is an array, use it to select the members to be stringified.","","            if (rep && typeof rep === 'object') {","                length = rep.length;","                for (i = 0; i < length; i += 1) {","                    if (typeof rep[i] === 'string') {","                        k = rep[i];","                        v = str(k, value);","                        if (v) {","                            partial.push(quote(k) + (gap ? ': ' : ':') + v);","                        }","                    }","                }","            } else {","","// Otherwise, iterate through all of the keys in the object.","","                for (k in value) {","                    if (Object.prototype.hasOwnProperty.call(value, k)) {","                        v = str(k, value);","                        if (v) {","                            partial.push(quote(k) + (gap ? ': ' : ':') + v);","                        }","                    }","                }","            }","","// Join all of the member texts together, separated with commas,","// and wrap them in braces.","","            v = partial.length === 0 ? '{}' : gap ?","                '{\\n' + gap + partial.join(',\\n' + gap) + '\\n' + mind + '}' :","                '{' + partial.join(',') + '}';","            gap = mind;","            return v;","        }","    }","","// If the JSON object does not yet have a stringify method, give it one.","","    if (typeof JSON.stringify !== 'function') {","        JSON.stringify = function (value, replacer, space) {","","// The stringify method takes a value and an optional replacer, and an optional","// space parameter, and returns a JSON text. The replacer can be a function","// that can replace values, or an array of strings that will select the keys.","// A default replacer method can be provided. Use of the space parameter can","// produce text that is more easily readable.","","            var i;","            gap = '';","            indent = '';","","// If the space parameter is a number, make an indent string containing that","// many spaces.","","            if (typeof space === 'number') {","                for (i = 0; i < space; i += 1) {","                    indent += ' ';","                }","","// If the space parameter is a string, it will be used as the indent string.","","            } else if (typeof space === 'string') {","                indent = space;","            }","","// If there is a replacer, it must be a function or an array.","// Otherwise, throw an error.","","            rep = replacer;","            if (replacer && typeof replacer !== 'function' &&","                    (typeof replacer !== 'object' ||","                    typeof replacer.length !== 'number')) {","                throw new Error('JSON.stringify');","            }","","// Make a fake root object containing our value under the key of ''.","// Return the result of stringifying the value.","","            return str('', {'': value});","        };","    }","","","// If the JSON object does not yet have a parse method, give it one.","","    if (typeof JSON.parse !== 'function') {","        JSON.parse = function (text, reviver) {","","// The parse method takes a text and an optional reviver function, and returns","// a JavaScript value if the text is a valid JSON text.","","            var j;","","            function walk(holder, key) {","","// The walk method is used to recursively walk the resulting structure so","// that modifications can be made.","","                var k, v, value = holder[key];","                if (value && typeof value === 'object') {","                    for (k in value) {","                        if (Object.prototype.hasOwnProperty.call(value, k)) {","                            v = walk(value, k);","                            if (v !== undefined) {","                                value[k] = v;","                            } else {","                                delete value[k];","                            }","                        }","                    }","                }","                return reviver.call(holder, key, value);","            }","","","// Parsing happens in four stages. In the first stage, we replace certain","// Unicode characters with escape sequences. JavaScript handles many characters","// incorrectly, either silently deleting them, or treating them as line endings.","","            text = String(text);","            cx.lastIndex = 0;","            if (cx.test(text)) {","                text = text.replace(cx, function (a) {","                    return '\\\\u' +","                        ('0000' + a.charCodeAt(0).toString(16)).slice(-4);","                });","            }","","// In the second stage, we run the text against regular expressions that look","// for non-JSON patterns. We are especially concerned with '()' and 'new'","// because they can cause invocation, and '=' because it can cause mutation.","// But just to be safe, we want to reject all unexpected forms.","","// We split the second stage into 4 regexp operations in order to work around","// crippling inefficiencies in IE's and Safari's regexp engines. First we","// replace the JSON backslash pairs with '@' (a non-JSON character). Second, we","// replace all simple value tokens with ']' characters. Third, we delete all","// open brackets that follow a colon or comma or that begin the text. Finally,","// we look to see that the remaining characters are only whitespace or ']' or","// ',' or ':' or '{' or '}'. If that is so, then the text is safe for eval.","","            if (/^[\\],:{}\\s]*$/","                    .test(text.replace(/\\\\(?:[\"\\\\\\/bfnrt]|u[0-9a-fA-F]{4})/g, '@')","                        .replace(/\"[^\"\\\\\\n\\r]*\"|true|false|null|-?\\d+(?:\\.\\d*)?(?:[eE][+\\-]?\\d+)?/g, ']')","                        .replace(/(?:^|:|,)(?:\\s*\\[)+/g, ''))) {","","// In the third stage we use the eval function to compile the text into a","// JavaScript structure. The '{' operator is subject to a syntactic ambiguity","// in JavaScript: it can begin a block or an object literal. We wrap the text","// in parens to eliminate the ambiguity.","","                j = eval('(' + text + ')');","","// In the optional fourth stage, we recursively walk the new structure, passing","// each name/value pair to a reviver function for possible transformation.","","                return typeof reviver === 'function' ?","                    walk({'': j}, '') : j;","            }","","// If the text is not JSON parseable, then a SyntaxError is thrown.","","            throw new SyntaxError('JSON.parse');","        };","    }","}());"],"l":{"163":1,"169":0,"172":1,"174":0,"177":0,"179":0,"181":0,"190":0,"193":0,"197":0,"213":1,"220":0,"221":0,"222":0,"223":0,"229":1,"233":0,"243":0,"245":0,"251":0,"252":0,"257":0,"259":0,"265":0,"274":0,"284":0,"285":0,"290":0,"291":0,"295":0,"300":0,"301":0,"302":0,"308":0,"311":0,"312":0,"317":0,"318":0,"319":0,"320":0,"321":0,"322":0,"323":0,"324":0,"332":0,"333":0,"334":0,"335":0,"336":0,"345":0,"348":0,"349":0,"355":0,"356":0,"364":0,"365":0,"366":0,"371":0,"372":0,"373":0,"378":0,"379":0,"385":0,"386":0,"389":0,"395":0,"402":0,"403":0,"408":0,"410":1,"415":0,"416":0,"417":0,"418":0,"419":0,"420":0,"421":0,"423":0,"428":0,"436":0,"437":0,"438":0,"439":0,"440":0,"458":0,"468":0,"473":0,"479":0}},"/home/travis/build/npmtest/node-npmtest-app.js/node_modules/app.js/client/polyfills/string-trim.js":{"path":"/home/travis/build/npmtest/node-npmtest-app.js/node_modules/app.js/client/polyfills/string-trim.js","s":{"1":1,"2":16},"b":{},"f":{"1":16},"fnMap":{"1":{"name":"(anonymous_1)","line":2,"loc":{"start":{"line":2,"column":24},"end":{"line":2,"column":35}}}},"statementMap":{"1":{"start":{"line":2,"column":0},"end":{"line":4,"column":2}},"2":{"start":{"line":3,"column":1},"end":{"line":3,"column":39}}},"branchMap":{},"code":["","String.prototype.trim = function() {","\treturn this.replace(/^\\s+|\\s+$/g, ''); ","};",""],"l":{"2":1,"3":16}}}